Build started 17.8.2015 г. 1:12:42.
     1>Project "F:\Projects\CodiCamp\C-game-course\MyGame\SpaceGame\SpaceGame\SpaceGame.vcxproj" on node 2 (Build target(s)).
     1>ClCompile:
         F:\Program Files (x86)\Microsoft Visual Studio 12.0\VC\bin\CL.exe /c /I"F:\Projects\CodiCamp\C-game-course\MyGame\SpaceGame\SpaceGame\irrKlang-1.5.0\include" /I"F:\Projects\CodiCamp\C-game-course\MyGame\SpaceGame\SpaceGame\tools\editor_tileless" /I"F:\Projects\CodiCamp\C-game-course\MyGame\SpaceGame\SpaceGame\common\include" /I..\..\..\..\common\include /Zi /nologo /W3 /WX- /sdl /O2 /Oi /Oy- /GL /D WIN32 /D NDEBUG /D _WINDOWS /D _UNICODE /D UNICODE /Gm- /EHsc /MD /GS /Gy /fp:precise /Zc:wchar_t /Zc:forScope /Fo"Release\\" /Fd"Release\vc120.pdb" /Gd /TP /analyze- /errorReport:prompt Ai.cpp Explosion.cpp GameControll.cpp Main.cpp Menu.cpp Particle.cpp Ship.cpp Sprite.cpp Thing.cpp
         Ai.cpp
     1>f:\projects\codicamp\c-game-course\mygame\spacegame\spacegame\GlobalHeader.h(11): warning C4005: 'PI' : macro redefinition
                 f:\projects\codicamp\c-game-course\mygame\spacegame\spacegame\common\include\Defines.h(249) : see previous definition of 'PI'
     1>f:\projects\codicamp\c-game-course\mygame\spacegame\spacegame\GlobalHeader.h(13): error C2059: syntax error : '<<'
     1>f:\projects\codicamp\c-game-course\mygame\spacegame\spacegame\GlobalHeader.h(14): error C2143: syntax error : missing ';' before '{'
     1>f:\projects\codicamp\c-game-course\mygame\spacegame\spacegame\GlobalHeader.h(14): error C2447: '{' : missing function header (old-style formal list?)
     1>f:\projects\codicamp\c-game-course\mygame\spacegame\spacegame\GlobalHeader.h(18): error C2059: syntax error : '=='
     1>f:\projects\codicamp\c-game-course\mygame\spacegame\spacegame\GlobalHeader.h(20): error C2143: syntax error : missing ';' before '{'
     1>f:\projects\codicamp\c-game-course\mygame\spacegame\spacegame\GlobalHeader.h(20): error C2447: '{' : missing function header (old-style formal list?)
     1>f:\projects\codicamp\c-game-course\mygame\spacegame\spacegame\GlobalHeader.h(21): error C2059: syntax error : '=='
     1>f:\projects\codicamp\c-game-course\mygame\spacegame\spacegame\GlobalHeader.h(22): error C2143: syntax error : missing ';' before '{'
     1>f:\projects\codicamp\c-game-course\mygame\spacegame\spacegame\GlobalHeader.h(22): error C2447: '{' : missing function header (old-style formal list?)
     1>f:\projects\codicamp\c-game-course\mygame\spacegame\spacegame\GlobalHeader.h(23): error C2011: 'layer' : 'enum' type redefinition
                 f:\projects\codicamp\c-game-course\mygame\spacegame\spacegame\GlobalHeader.h(16) : see declaration of 'layer'
     1>f:\projects\codicamp\c-game-course\mygame\spacegame\spacegame\GlobalHeader.h(26): error C2059: syntax error : '>>'
     1>f:\projects\codicamp\c-game-course\mygame\spacegame\spacegame\Frame.h(9): error C2143: syntax error : missing ';' before '{'
     1>f:\projects\codicamp\c-game-course\mygame\spacegame\spacegame\Frame.h(9): error C2447: '{' : missing function header (old-style formal list?)
     1>f:\projects\codicamp\c-game-course\mygame\spacegame\spacegame\Thing.h(31): error C2065: 'Frame' : undeclared identifier
     1>f:\projects\codicamp\c-game-course\mygame\spacegame\spacegame\Thing.h(31): error C2059: syntax error : '>'
     1>f:\projects\codicamp\c-game-course\mygame\spacegame\spacegame\Thing.h(31): error C2976: 'std::vector' : too few template arguments
                 F:\Program Files (x86)\Microsoft Visual Studio 12.0\VC\include\vector(650) : see declaration of 'std::vector'
     1>f:\projects\codicamp\c-game-course\mygame\spacegame\spacegame\Thing.h(39): error C2059: syntax error : '<<'
     1>f:\projects\codicamp\c-game-course\mygame\spacegame\spacegame\Thing.h(41): error C2238: unexpected token(s) preceding ';'
     1>f:\projects\codicamp\c-game-course\mygame\spacegame\spacegame\Thing.h(44): error C2059: syntax error : '=='
     1>f:\projects\codicamp\c-game-course\mygame\spacegame\spacegame\Thing.h(46): error C2238: unexpected token(s) preceding ';'
     1>f:\projects\codicamp\c-game-course\mygame\spacegame\spacegame\Thing.h(49): error C2059: syntax error : '=='
     1>f:\projects\codicamp\c-game-course\mygame\spacegame\spacegame\Thing.h(51): error C2238: unexpected token(s) preceding ';'
     1>f:\projects\codicamp\c-game-course\mygame\spacegame\spacegame\Thing.h(52): error C2535: 'int Thing::getCollisionPositionX(void)' : member function already defined or declared
                 f:\projects\codicamp\c-game-course\mygame\spacegame\spacegame\Thing.h(42) : see declaration of 'Thing::getCollisionPositionX'
     1>f:\projects\codicamp\c-game-course\mygame\spacegame\spacegame\Thing.h(53): error C2535: 'int Thing::getCollisionPositionY(void)' : member function already defined or declared
                 f:\projects\codicamp\c-game-course\mygame\spacegame\spacegame\Thing.h(43) : see declaration of 'Thing::getCollisionPositionY'
     1>f:\projects\codicamp\c-game-course\mygame\spacegame\spacegame\Thing.h(54): error C2059: syntax error : '>>'
     1>f:\projects\codicamp\c-game-course\mygame\spacegame\spacegame\Thing.h(57): error C2238: unexpected token(s) preceding ';'
     1>f:\projects\codicamp\c-game-course\mygame\spacegame\spacegame\Thing.h(61): error C2065: 'Frame' : undeclared identifier
     1>f:\projects\codicamp\c-game-course\mygame\spacegame\spacegame\Thing.h(61): error C2059: syntax error : '>'
     1>f:\projects\codicamp\c-game-course\mygame\spacegame\spacegame\Thing.h(61): error C2976: 'std::vector' : too few template arguments
                 F:\Program Files (x86)\Microsoft Visual Studio 12.0\VC\include\vector(650) : see declaration of 'std::vector'
                 F:\Program Files (x86)\Microsoft Visual Studio 12.0\VC\include\vector(650) : see declaration of 'std::vector'
     1>Ai.cpp(6): warning C4018: '<' : signed/unsigned mismatch
     1>Ai.cpp(8): error C2065: 'UFO' : undeclared identifier
         Explosion.cpp
     1>f:\projects\codicamp\c-game-course\mygame\spacegame\spacegame\GlobalHeader.h(11): warning C4005: 'PI' : macro redefinition
                 f:\projects\codicamp\c-game-course\mygame\spacegame\spacegame\common\include\Defines.h(249) : see previous definition of 'PI'
     1>f:\projects\codicamp\c-game-course\mygame\spacegame\spacegame\GlobalHeader.h(13): error C2059: syntax error : '<<'
     1>f:\projects\codicamp\c-game-course\mygame\spacegame\spacegame\GlobalHeader.h(14): error C2143: syntax error : missing ';' before '{'
     1>f:\projects\codicamp\c-game-course\mygame\spacegame\spacegame\GlobalHeader.h(14): error C2447: '{' : missing function header (old-style formal list?)
     1>f:\projects\codicamp\c-game-course\mygame\spacegame\spacegame\GlobalHeader.h(18): error C2059: syntax error : '=='
     1>f:\projects\codicamp\c-game-course\mygame\spacegame\spacegame\GlobalHeader.h(20): error C2143: syntax error : missing ';' before '{'
     1>f:\projects\codicamp\c-game-course\mygame\spacegame\spacegame\GlobalHeader.h(20): error C2447: '{' : missing function header (old-style formal list?)
     1>f:\projects\codicamp\c-game-course\mygame\spacegame\spacegame\GlobalHeader.h(21): error C2059: syntax error : '=='
     1>f:\projects\codicamp\c-game-course\mygame\spacegame\spacegame\GlobalHeader.h(22): error C2143: syntax error : missing ';' before '{'
     1>f:\projects\codicamp\c-game-course\mygame\spacegame\spacegame\GlobalHeader.h(22): error C2447: '{' : missing function header (old-style formal list?)
     1>f:\projects\codicamp\c-game-course\mygame\spacegame\spacegame\GlobalHeader.h(23): error C2011: 'layer' : 'enum' type redefinition
                 f:\projects\codicamp\c-game-course\mygame\spacegame\spacegame\GlobalHeader.h(16) : see declaration of 'layer'
     1>f:\projects\codicamp\c-game-course\mygame\spacegame\spacegame\GlobalHeader.h(26): error C2059: syntax error : '>>'
     1>f:\projects\codicamp\c-game-course\mygame\spacegame\spacegame\Explosion.h(10): error C2143: syntax error : missing ';' before '{'
     1>f:\projects\codicamp\c-game-course\mygame\spacegame\spacegame\Explosion.h(10): error C2447: '{' : missing function header (old-style formal list?)
     1>Explosion.cpp(3): error C2653: 'Explosion' : is not a class or namespace name
     1>Explosion.cpp(4): error C4430: missing type specifier - int assumed. Note: C++ does not support default-int
     1>Explosion.cpp(6): warning C4508: 'Explosion' : function should return a value; 'void' return type assumed
     1>Explosion.cpp(9): error C2653: 'Explosion' : is not a class or namespace name
     1>Explosion.cpp(10): error C4430: missing type specifier - int assumed. Note: C++ does not support default-int
     1>Explosion.cpp(11): error C2065: 'posX' : undeclared identifier
     1>Explosion.cpp(11): error C2065: 'frameWidth' : undeclared identifier
     1>Explosion.cpp(12): error C2065: 'posY' : undeclared identifier
     1>Explosion.cpp(12): error C2065: 'frameHeight' : undeclared identifier
     1>Explosion.cpp(14): error C2065: 'picture' : undeclared identifier
     1>Explosion.cpp(15): error C2065: 'explosion' : undeclared identifier
     1>Explosion.cpp(15): error C2227: left of '->setSurface' must point to class/struct/union/generic type
                 type is 'unknown-type'
     1>Explosion.cpp(15): error C2065: 'picture' : undeclared identifier
     1>Explosion.cpp(16): error C2065: 'explosion' : undeclared identifier
     1>Explosion.cpp(17): error C2065: 'explosion' : undeclared identifier
     1>Explosion.cpp(17): error C2227: left of '->setPosition' must point to class/struct/union/generic type
                 type is 'unknown-type'
     1>Explosion.cpp(17): error C2065: 'posX' : undeclared identifier
     1>Explosion.cpp(17): error C2065: 'posY' : undeclared identifier
     1>Explosion.cpp(18): error C2065: 'explosion' : undeclared identifier
     1>Explosion.cpp(18): error C2227: left of '->setRegion' must point to class/struct/union/generic type
                 type is 'unknown-type'
     1>Explosion.cpp(18): error C2065: 'frameWidth' : undeclared identifier
     1>Explosion.cpp(18): error C2065: 'frameHeight' : undeclared identifier
     1>Explosion.cpp(19): warning C4508: 'Explosion' : function should return a value; 'void' return type assumed
     1>Explosion.cpp(21): error C2653: 'Explosion' : is not a class or namespace name
     1>Explosion.cpp(23): error C2065: 'time' : undeclared identifier
     1>Explosion.cpp(24): error C2065: 'time' : undeclared identifier
     1>Explosion.cpp(25): error C2065: 'time' : undeclared identifier
     1>Explosion.cpp(27): error C2065: 'currentFrame' : undeclared identifier
     1>Explosion.cpp(28): error C2065: 'currentFrame' : undeclared identifier
     1>Explosion.cpp(28): error C2065: 'frames' : undeclared identifier
     1>Explosion.cpp(30): error C2065: 'frameWidth' : undeclared identifier
     1>Explosion.cpp(30): error C2065: 'currentFrame' : undeclared identifier
     1>Explosion.cpp(30): error C2065: 'frameColumns' : undeclared identifier
     1>Explosion.cpp(31): error C2065: 'frameHeight' : undeclared identifier
     1>Explosion.cpp(31): error C2065: 'currentFrame' : undeclared identifier
     1>Explosion.cpp(31): error C2065: 'frameRows' : undeclared identifier
     1>Explosion.cpp(32): error C2065: 'explosion' : undeclared identifier
     1>Explosion.cpp(32): error C2227: left of '->setRegion' must point to class/struct/union/generic type
                 type is 'unknown-type'
     1>Explosion.cpp(32): error C2065: 'frameWidth' : undeclared identifier
     1>Explosion.cpp(32): error C2065: 'frameHeight' : undeclared identifier
     1>Explosion.cpp(37): error C3861: 'destroy': identifier not found
     1>Explosion.cpp(41): error C2653: 'Explosion' : is not a class or namespace name
     1>Explosion.cpp(43): error C2065: 'explosion' : undeclared identifier
     1>Explosion.cpp(44): error C2065: 'picture' : undeclared identifier
     1>Explosion.cpp(45): error C2065: 'time' : undeclared identifier
     1>Explosion.cpp(45): error C2541: 'delete' : cannot delete objects that are not pointers
     1>Explosion.cpp(46): error C2065: 'frames' : undeclared identifier
     1>Explosion.cpp(46): error C2541: 'delete' : cannot delete objects that are not pointers
     1>Explosion.cpp(47): error C2065: 'frameWidth' : undeclared identifier
     1>Explosion.cpp(47): error C2541: 'delete' : cannot delete objects that are not pointers
     1>Explosion.cpp(48): error C2065: 'frameHeight' : undeclared identifier
     1>Explosion.cpp(48): error C2541: 'delete' : cannot delete objects that are not pointers
     1>Explosion.cpp(49): error C2065: 'frameColumns' : undeclared identifier
     1>Explosion.cpp(49): error C2541: 'delete' : cannot delete objects that are not pointers
     1>Explosion.cpp(50): error C2065: 'currentFrame' : undeclared identifier
     1>Explosion.cpp(50): error C2541: 'delete' : cannot delete objects that are not pointers
     1>Explosion.cpp(51): error C2065: 'frameRows' : undeclared identifier
     1>Explosion.cpp(51): error C2541: 'delete' : cannot delete objects that are not pointers
     1>Explosion.cpp(52): error C2065: 'posX' : undeclared identifier
     1>Explosion.cpp(52): error C2541: 'delete' : cannot delete objects that are not pointers
     1>Explosion.cpp(53): error C2065: 'posY' : undeclared identifier
     1>Explosion.cpp(53): error C2541: 'delete' : cannot delete objects that are not pointers
     1>Explosion.cpp(55): error C2653: 'Explosion' : is not a class or namespace name
     1>Explosion.cpp(55): fatal error C1903: unable to recover from previous error(s); stopping compilation
         GameControll.cpp
     1>f:\projects\codicamp\c-game-course\mygame\spacegame\spacegame\GlobalHeader.h(11): warning C4005: 'PI' : macro redefinition
                 f:\projects\codicamp\c-game-course\mygame\spacegame\spacegame\common\include\Defines.h(249) : see previous definition of 'PI'
     1>f:\projects\codicamp\c-game-course\mygame\spacegame\spacegame\GlobalHeader.h(13): error C2059: syntax error : '<<'
     1>f:\projects\codicamp\c-game-course\mygame\spacegame\spacegame\GlobalHeader.h(14): error C2143: syntax error : missing ';' before '{'
     1>f:\projects\codicamp\c-game-course\mygame\spacegame\spacegame\GlobalHeader.h(14): error C2447: '{' : missing function header (old-style formal list?)
     1>f:\projects\codicamp\c-game-course\mygame\spacegame\spacegame\GlobalHeader.h(18): error C2059: syntax error : '=='
     1>f:\projects\codicamp\c-game-course\mygame\spacegame\spacegame\GlobalHeader.h(20): error C2143: syntax error : missing ';' before '{'
     1>f:\projects\codicamp\c-game-course\mygame\spacegame\spacegame\GlobalHeader.h(20): error C2447: '{' : missing function header (old-style formal list?)
     1>f:\projects\codicamp\c-game-course\mygame\spacegame\spacegame\GlobalHeader.h(21): error C2059: syntax error : '=='
     1>f:\projects\codicamp\c-game-course\mygame\spacegame\spacegame\GlobalHeader.h(22): error C2143: syntax error : missing ';' before '{'
     1>f:\projects\codicamp\c-game-course\mygame\spacegame\spacegame\GlobalHeader.h(22): error C2447: '{' : missing function header (old-style formal list?)
     1>f:\projects\codicamp\c-game-course\mygame\spacegame\spacegame\GlobalHeader.h(23): error C2011: 'layer' : 'enum' type redefinition
                 f:\projects\codicamp\c-game-course\mygame\spacegame\spacegame\GlobalHeader.h(16) : see declaration of 'layer'
     1>f:\projects\codicamp\c-game-course\mygame\spacegame\spacegame\GlobalHeader.h(26): error C2059: syntax error : '>>'
     1>f:\projects\codicamp\c-game-course\mygame\spacegame\spacegame\Sprite.h(10): error C2143: syntax error : missing ';' before '{'
     1>f:\projects\codicamp\c-game-course\mygame\spacegame\spacegame\Sprite.h(10): error C2447: '{' : missing function header (old-style formal list?)
     1>f:\projects\codicamp\c-game-course\mygame\spacegame\spacegame\Menu.h(16): error C2059: syntax error : '<<'
     1>f:\projects\codicamp\c-game-course\mygame\spacegame\spacegame\Menu.h(17): error C2238: unexpected token(s) preceding ';'
     1>f:\projects\codicamp\c-game-course\mygame\spacegame\spacegame\Menu.h(19): error C2059: syntax error : '=='
     1>f:\projects\codicamp\c-game-course\mygame\spacegame\spacegame\Menu.h(21): error C2238: unexpected token(s) preceding ';'
     1>f:\projects\codicamp\c-game-course\mygame\spacegame\spacegame\Menu.h(22): error C2086: 'MenuItem *Menu::itemPlay' : redefinition
                 f:\projects\codicamp\c-game-course\mygame\spacegame\spacegame\Menu.h(18) : see declaration of 'Menu::itemPlay'
     1>f:\projects\codicamp\c-game-course\mygame\spacegame\spacegame\Menu.h(22): error C2086: 'MenuItem *Menu::itemQuit' : redefinition
                 f:\projects\codicamp\c-game-course\mygame\spacegame\spacegame\Menu.h(18) : see declaration of 'Menu::itemQuit'
     1>f:\projects\codicamp\c-game-course\mygame\spacegame\spacegame\Menu.h(22): error C2086: 'MenuItem *Menu::itemOptions' : redefinition
                 f:\projects\codicamp\c-game-course\mygame\spacegame\spacegame\Menu.h(18) : see declaration of 'Menu::itemOptions'
     1>f:\projects\codicamp\c-game-course\mygame\spacegame\spacegame\Menu.h(22): error C2086: 'MenuItem *Menu::itemControls' : redefinition
                 f:\projects\codicamp\c-game-course\mygame\spacegame\spacegame\Menu.h(18) : see declaration of 'Menu::itemControls'
     1>f:\projects\codicamp\c-game-course\mygame\spacegame\spacegame\Menu.h(22): error C2086: 'MenuItem *Menu::itemSound' : redefinition
                 f:\projects\codicamp\c-game-course\mygame\spacegame\spacegame\Menu.h(18) : see declaration of 'Menu::itemSound'
     1>f:\projects\codicamp\c-game-course\mygame\spacegame\spacegame\Menu.h(22): error C2086: 'MenuItem *Menu::itemBack' : redefinition
                 f:\projects\codicamp\c-game-course\mygame\spacegame\spacegame\Menu.h(18) : see declaration of 'Menu::itemBack'
     1>f:\projects\codicamp\c-game-course\mygame\spacegame\spacegame\Menu.h(23): error C2059: syntax error : '>>'
     1>f:\projects\codicamp\c-game-course\mygame\spacegame\spacegame\Menu.h(24): error C2334: unexpected token(s) preceding '{'; skipping apparent function body
     1>f:\projects\codicamp\c-game-course\mygame\spacegame\spacegame\Menu.h(25): error C2059: syntax error : '=='
     1>f:\projects\codicamp\c-game-course\mygame\spacegame\spacegame\Menu.h(26): error C2238: unexpected token(s) preceding ';'
     1>f:\projects\codicamp\c-game-course\mygame\spacegame\spacegame\Menu.h(27): error C2086: 'MenuItem *Menu::itemPlay' : redefinition
                 f:\projects\codicamp\c-game-course\mygame\spacegame\spacegame\Menu.h(18) : see declaration of 'Menu::itemPlay'
     1>f:\projects\codicamp\c-game-course\mygame\spacegame\spacegame\Menu.h(27): error C2086: 'MenuItem *Menu::itemQuit' : redefinition
                 f:\projects\codicamp\c-game-course\mygame\spacegame\spacegame\Menu.h(18) : see declaration of 'Menu::itemQuit'
     1>f:\projects\codicamp\c-game-course\mygame\spacegame\spacegame\Menu.h(27): error C2086: 'MenuItem *Menu::itemOptions' : redefinition
                 f:\projects\codicamp\c-game-course\mygame\spacegame\spacegame\Menu.h(18) : see declaration of 'Menu::itemOptions'
     1>f:\projects\codicamp\c-game-course\mygame\spacegame\spacegame\Menu.h(27): error C2086: 'MenuItem *Menu::itemControls' : redefinition
                 f:\projects\codicamp\c-game-course\mygame\spacegame\spacegame\Menu.h(18) : see declaration of 'Menu::itemControls'
     1>f:\projects\codicamp\c-game-course\mygame\spacegame\spacegame\Menu.h(27): error C2086: 'MenuItem *Menu::itemSound' : redefinition
                 f:\projects\codicamp\c-game-course\mygame\spacegame\spacegame\Menu.h(18) : see declaration of 'Menu::itemSound'
     1>f:\projects\codicamp\c-game-course\mygame\spacegame\spacegame\Menu.h(27): error C2086: 'MenuItem *Menu::itemBack' : redefinition
                 f:\projects\codicamp\c-game-course\mygame\spacegame\spacegame\Menu.h(18) : see declaration of 'Menu::itemBack'
     1>f:\projects\codicamp\c-game-course\mygame\spacegame\spacegame\Menu.h(27): error C2086: 'MenuItem *Menu::itemNewGame' : redefinition
                 f:\projects\codicamp\c-game-course\mygame\spacegame\spacegame\Menu.h(18) : see declaration of 'Menu::itemNewGame'
     1>f:\projects\codicamp\c-game-course\mygame\spacegame\spacegame\Menu.h(28): error C2059: syntax error : '>>'
     1>f:\projects\codicamp\c-game-course\mygame\spacegame\spacegame\Menu.h(29): error C2334: unexpected token(s) preceding '{'; skipping apparent function body
     1>f:\projects\codicamp\c-game-course\mygame\spacegame\spacegame\Menu.h(30): error C2146: syntax error : missing ';' before identifier 'gameDifficulty'
     1>f:\projects\codicamp\c-game-course\mygame\spacegame\spacegame\Menu.h(30): error C4430: missing type specifier - int assumed. Note: C++ does not support default-int
     1>f:\projects\codicamp\c-game-course\mygame\spacegame\spacegame\Menu.h(30): error C2143: syntax error : missing ';' before '='
     1>f:\projects\codicamp\c-game-course\mygame\spacegame\spacegame\Menu.h(30): error C2238: unexpected token(s) preceding ';'
     1>f:\projects\codicamp\c-game-course\mygame\spacegame\spacegame\Ship.h(29): error C2143: syntax error : missing ';' before '*'
     1>f:\projects\codicamp\c-game-course\mygame\spacegame\spacegame\Ship.h(29): error C4430: missing type specifier - int assumed. Note: C++ does not support default-int
     1>f:\projects\codicamp\c-game-course\mygame\spacegame\spacegame\Ship.h(29): error C2143: syntax error : missing ';' before '='
     1>f:\projects\codicamp\c-game-course\mygame\spacegame\spacegame\Ship.h(29): error C2238: unexpected token(s) preceding ';'
     1>f:\projects\codicamp\c-game-course\mygame\spacegame\spacegame\Thing.h(39): error C2059: syntax error : '<<'
     1>f:\projects\codicamp\c-game-course\mygame\spacegame\spacegame\Thing.h(41): error C2238: unexpected token(s) preceding ';'
     1>f:\projects\codicamp\c-game-course\mygame\spacegame\spacegame\Thing.h(44): error C2059: syntax error : '=='
     1>f:\projects\codicamp\c-game-course\mygame\spacegame\spacegame\Thing.h(46): error C2238: unexpected token(s) preceding ';'
     1>f:\projects\codicamp\c-game-course\mygame\spacegame\spacegame\Thing.h(49): error C2059: syntax error : '=='
     1>f:\projects\codicamp\c-game-course\mygame\spacegame\spacegame\Thing.h(51): error C2238: unexpected token(s) preceding ';'
     1>f:\projects\codicamp\c-game-course\mygame\spacegame\spacegame\Thing.h(52): error C2535: 'int Thing::getCollisionPositionX(void)' : member function already defined or declared
                 f:\projects\codicamp\c-game-course\mygame\spacegame\spacegame\Thing.h(42) : see declaration of 'Thing::getCollisionPositionX'
     1>f:\projects\codicamp\c-game-course\mygame\spacegame\spacegame\Thing.h(53): error C2535: 'int Thing::getCollisionPositionY(void)' : member function already defined or declared
                 f:\projects\codicamp\c-game-course\mygame\spacegame\spacegame\Thing.h(43) : see declaration of 'Thing::getCollisionPositionY'
     1>f:\projects\codicamp\c-game-course\mygame\spacegame\spacegame\Thing.h(54): error C2059: syntax error : '>>'
     1>f:\projects\codicamp\c-game-course\mygame\spacegame\spacegame\Thing.h(57): error C2238: unexpected token(s) preceding ';'
     1>GameControll.cpp(26): error C2143: syntax error : missing ';' before '<<'
     1>GameControll.cpp(30): error C2143: syntax error : missing ';' before '>>'
     1>GameControll.cpp(46): warning C4552: '!' : operator has no effect; expected operator with side-effect
     1>GameControll.cpp(55): warning C4552: '!' : operator has no effect; expected operator with side-effect
     1>GameControll.cpp(66): error C2143: syntax error : missing ';' before '<<'
     1>GameControll.cpp(68): error C2143: syntax error : missing ';' before '=='
     1>GameControll.cpp(70): error C2143: syntax error : missing ';' before '>>'
     1>GameControll.cpp(73): warning C4305: 'argument' : truncation from 'double' to 'float'
     1>GameControll.cpp(130): error C2143: syntax error : missing ';' before '<<'
     1>GameControll.cpp(132): error C2143: syntax error : missing ';' before '=='
     1>GameControll.cpp(140): error C2065: 'randomX' : undeclared identifier
     1>GameControll.cpp(142): error C2065: 'ROCK' : undeclared identifier
     1>GameControll.cpp(142): error C2065: 'randomX' : undeclared identifier
     1>GameControll.cpp(147): error C2065: 'randomX' : undeclared identifier
     1>GameControll.cpp(150): error C2065: 'UFO' : undeclared identifier
     1>GameControll.cpp(150): error C2065: 'randomX' : undeclared identifier
     1>GameControll.cpp(153): error C2065: 'randomX' : undeclared identifier
     1>GameControll.cpp(155): error C2065: 'HEALTH' : undeclared identifier
     1>GameControll.cpp(155): error C2065: 'randomX' : undeclared identifier
     1>GameControll.cpp(157): error C2065: 'randomX' : undeclared identifier
     1>GameControll.cpp(159): error C2065: 'DIAMOND' : undeclared identifier
     1>GameControll.cpp(159): error C2065: 'randomX' : undeclared identifier
     1>GameControll.cpp(209): error C2143: syntax error : missing ';' before '<<'
     1>GameControll.cpp(220): error C2143: syntax error : missing ';' before '=='
     1>GameControll.cpp(239): error C2143: syntax error : missing ';' before '>>'
     1>GameControll.cpp(253): warning C4018: '<' : signed/unsigned mismatch
     1>GameControll.cpp(259): error C2065: 'HEALTH' : undeclared identifier
     1>GameControll.cpp(267): error C2065: 'DIAMOND' : undeclared identifier
     1>GameControll.cpp(272): error C2065: 'ROCK' : undeclared identifier
     1>GameControll.cpp(272): error C2065: 'ASTEROID' : undeclared identifier
     1>GameControll.cpp(272): error C2065: 'UFO' : undeclared identifier
     1>GameControll.cpp(279): error C2143: syntax error : missing ';' before '<<'
     1>GameControll.cpp(281): error C2143: syntax error : missing ';' before '=='
     1>GameControll.cpp(283): error C2143: syntax error : missing ';' before '>>'
     1>GameControll.cpp(294): error C2065: 'ROCK' : undeclared identifier
     1>GameControll.cpp(294): error C2065: 'ASTEROID' : undeclared identifier
     1>GameControll.cpp(294): error C2065: 'UFO' : undeclared identifier
     1>GameControll.cpp(300): error C2143: syntax error : missing ';' before '<<'
     1>GameControll.cpp(302): error C2143: syntax error : missing ';' before '=='
     1>GameControll.cpp(304): error C2143: syntax error : missing ';' before '>>'
     1>GameControll.cpp(324): warning C4018: '<' : signed/unsigned mismatch
     1>GameControll.cpp(328): warning C4018: '<' : signed/unsigned mismatch
     1>GameControll.cpp(330): error C2039: 'animationUpdate' : is not a member of 'Thing'
                 f:\projects\codicamp\c-game-course\mygame\spacegame\spacegame\Thing.h(13) : see declaration of 'Thing'
     1>GameControll.cpp(336): error C2143: syntax error : missing ';' before '<<'
     1>GameControll.cpp(340): error C2065: 'i' : undeclared identifier
     1>GameControll.cpp(340): error C2143: syntax error : missing ';' before ')'
     1>GameControll.cpp(341): error C2143: syntax error : missing ';' before '{'
     1>GameControll.cpp(342): error C2065: 'i' : undeclared identifier
     1>GameControll.cpp(342): error C2227: left of '->destroy' must point to class/struct/union/generic type
     1>GameControll.cpp(356): error C2143: syntax error : missing ';' before '>>'
         Main.cpp
     1>f:\projects\codicamp\c-game-course\mygame\spacegame\spacegame\GlobalHeader.h(11): warning C4005: 'PI' : macro redefinition
                 f:\projects\codicamp\c-game-course\mygame\spacegame\spacegame\common\include\Defines.h(249) : see previous definition of 'PI'
     1>f:\projects\codicamp\c-game-course\mygame\spacegame\spacegame\GlobalHeader.h(13): error C2059: syntax error : '<<'
     1>f:\projects\codicamp\c-game-course\mygame\spacegame\spacegame\GlobalHeader.h(14): error C2143: syntax error : missing ';' before '{'
     1>f:\projects\codicamp\c-game-course\mygame\spacegame\spacegame\GlobalHeader.h(14): error C2447: '{' : missing function header (old-style formal list?)
     1>f:\projects\codicamp\c-game-course\mygame\spacegame\spacegame\GlobalHeader.h(18): error C2059: syntax error : '=='
     1>f:\projects\codicamp\c-game-course\mygame\spacegame\spacegame\GlobalHeader.h(20): error C2143: syntax error : missing ';' before '{'
     1>f:\projects\codicamp\c-game-course\mygame\spacegame\spacegame\GlobalHeader.h(20): error C2447: '{' : missing function header (old-style formal list?)
     1>f:\projects\codicamp\c-game-course\mygame\spacegame\spacegame\GlobalHeader.h(21): error C2059: syntax error : '=='
     1>f:\projects\codicamp\c-game-course\mygame\spacegame\spacegame\GlobalHeader.h(22): error C2143: syntax error : missing ';' before '{'
     1>f:\projects\codicamp\c-game-course\mygame\spacegame\spacegame\GlobalHeader.h(22): error C2447: '{' : missing function header (old-style formal list?)
     1>f:\projects\codicamp\c-game-course\mygame\spacegame\spacegame\GlobalHeader.h(23): error C2011: 'layer' : 'enum' type redefinition
                 f:\projects\codicamp\c-game-course\mygame\spacegame\spacegame\GlobalHeader.h(16) : see declaration of 'layer'
     1>f:\projects\codicamp\c-game-course\mygame\spacegame\spacegame\GlobalHeader.h(26): error C2059: syntax error : '>>'
     1>f:\projects\codicamp\c-game-course\mygame\spacegame\spacegame\Menu.h(12): error C2143: syntax error : missing ';' before '{'
     1>f:\projects\codicamp\c-game-course\mygame\spacegame\spacegame\Menu.h(12): error C2447: '{' : missing function header (old-style formal list?)
     1>f:\projects\codicamp\c-game-course\mygame\spacegame\spacegame\Thing.h(39): error C2059: syntax error : '<<'
     1>f:\projects\codicamp\c-game-course\mygame\spacegame\spacegame\Thing.h(41): error C2238: unexpected token(s) preceding ';'
     1>f:\projects\codicamp\c-game-course\mygame\spacegame\spacegame\Thing.h(44): error C2059: syntax error : '=='
     1>f:\projects\codicamp\c-game-course\mygame\spacegame\spacegame\Thing.h(46): error C2238: unexpected token(s) preceding ';'
     1>f:\projects\codicamp\c-game-course\mygame\spacegame\spacegame\Thing.h(49): error C2059: syntax error : '=='
     1>f:\projects\codicamp\c-game-course\mygame\spacegame\spacegame\Thing.h(51): error C2238: unexpected token(s) preceding ';'
     1>f:\projects\codicamp\c-game-course\mygame\spacegame\spacegame\Thing.h(52): error C2535: 'int Thing::getCollisionPositionX(void)' : member function already defined or declared
                 f:\projects\codicamp\c-game-course\mygame\spacegame\spacegame\Thing.h(42) : see declaration of 'Thing::getCollisionPositionX'
     1>f:\projects\codicamp\c-game-course\mygame\spacegame\spacegame\Thing.h(53): error C2535: 'int Thing::getCollisionPositionY(void)' : member function already defined or declared
                 f:\projects\codicamp\c-game-course\mygame\spacegame\spacegame\Thing.h(43) : see declaration of 'Thing::getCollisionPositionY'
     1>f:\projects\codicamp\c-game-course\mygame\spacegame\spacegame\Thing.h(54): error C2059: syntax error : '>>'
     1>f:\projects\codicamp\c-game-course\mygame\spacegame\spacegame\Thing.h(57): error C2238: unexpected token(s) preceding ';'
     1>f:\projects\codicamp\c-game-course\mygame\spacegame\spacegame\GameControll.h(41): error C2143: syntax error : missing ';' before '*'
     1>f:\projects\codicamp\c-game-course\mygame\spacegame\spacegame\GameControll.h(41): error C4430: missing type specifier - int assumed. Note: C++ does not support default-int
         Menu.cpp
     1>f:\projects\codicamp\c-game-course\mygame\spacegame\spacegame\GlobalHeader.h(11): warning C4005: 'PI' : macro redefinition
                 f:\projects\codicamp\c-game-course\mygame\spacegame\spacegame\common\include\Defines.h(249) : see previous definition of 'PI'
     1>f:\projects\codicamp\c-game-course\mygame\spacegame\spacegame\GlobalHeader.h(13): error C2059: syntax error : '<<'
     1>f:\projects\codicamp\c-game-course\mygame\spacegame\spacegame\GlobalHeader.h(14): error C2143: syntax error : missing ';' before '{'
     1>f:\projects\codicamp\c-game-course\mygame\spacegame\spacegame\GlobalHeader.h(14): error C2447: '{' : missing function header (old-style formal list?)
     1>f:\projects\codicamp\c-game-course\mygame\spacegame\spacegame\GlobalHeader.h(18): error C2059: syntax error : '=='
     1>f:\projects\codicamp\c-game-course\mygame\spacegame\spacegame\GlobalHeader.h(20): error C2143: syntax error : missing ';' before '{'
     1>f:\projects\codicamp\c-game-course\mygame\spacegame\spacegame\GlobalHeader.h(20): error C2447: '{' : missing function header (old-style formal list?)
     1>f:\projects\codicamp\c-game-course\mygame\spacegame\spacegame\GlobalHeader.h(21): error C2059: syntax error : '=='
     1>f:\projects\codicamp\c-game-course\mygame\spacegame\spacegame\GlobalHeader.h(22): error C2143: syntax error : missing ';' before '{'
     1>f:\projects\codicamp\c-game-course\mygame\spacegame\spacegame\GlobalHeader.h(22): error C2447: '{' : missing function header (old-style formal list?)
     1>f:\projects\codicamp\c-game-course\mygame\spacegame\spacegame\GlobalHeader.h(23): error C2011: 'layer' : 'enum' type redefinition
                 f:\projects\codicamp\c-game-course\mygame\spacegame\spacegame\GlobalHeader.h(16) : see declaration of 'layer'
     1>f:\projects\codicamp\c-game-course\mygame\spacegame\spacegame\GlobalHeader.h(26): error C2059: syntax error : '>>'
     1>f:\projects\codicamp\c-game-course\mygame\spacegame\spacegame\Menu.h(12): error C2143: syntax error : missing ';' before '{'
     1>f:\projects\codicamp\c-game-course\mygame\spacegame\spacegame\Menu.h(12): error C2447: '{' : missing function header (old-style formal list?)
     1>Menu.cpp(3): error C2653: 'Menu' : is not a class or namespace name
     1>Menu.cpp(4): error C4430: missing type specifier - int assumed. Note: C++ does not support default-int
     1>Menu.cpp(6): warning C4508: 'Menu' : function should return a value; 'void' return type assumed
     1>Menu.cpp(8): error C2653: 'Menu' : is not a class or namespace name
     1>Menu.cpp(9): error C4430: missing type specifier - int assumed. Note: C++ does not support default-int
     1>Menu.cpp(10): error C2065: 'hidden' : undeclared identifier
     1>Menu.cpp(11): error C2065: 'mI' : undeclared identifier
     1>Menu.cpp(14): error C2065: 'itemPlay' : undeclared identifier
     1>Menu.cpp(15): error C2065: 'itemNewGame' : undeclared identifier
     1>Menu.cpp(16): error C2065: 'itemOptions' : undeclared identifier
     1>Menu.cpp(17): error C2065: 'itemQuit' : undeclared identifier
     1>Menu.cpp(20): error C2065: 'itemControls' : undeclared identifier
     1>Menu.cpp(21): error C2065: 'itemSound' : undeclared identifier
     1>Menu.cpp(22): error C2065: 'itemBack' : undeclared identifier
     1>Menu.cpp(25): error C2065: 'mSurfaceCursor' : undeclared identifier
     1>Menu.cpp(26): error C2065: 'mCursor' : undeclared identifier
     1>Menu.cpp(27): error C2065: 'mCursor' : undeclared identifier
     1>Menu.cpp(27): error C2227: left of '->setSurface' must point to class/struct/union/generic type
                 type is 'unknown-type'
     1>Menu.cpp(27): error C2065: 'mSurfaceCursor' : undeclared identifier
     1>Menu.cpp(28): error C2065: 'mCursor' : undeclared identifier
     1>Menu.cpp(28): error C2227: left of '->setHotSpot' must point to class/struct/union/generic type
                 type is 'unknown-type'
     1>Menu.cpp(30): error C2065: 'mCursor' : undeclared identifier
     1>Menu.cpp(30): error C2227: left of '->setBoundingCircle' must point to class/struct/union/generic type
                 type is 'unknown-type'
     1>Menu.cpp(32): warning C4508: 'Menu' : function should return a value; 'void' return type assumed
     1>Menu.cpp(35): error C2653: 'Menu' : is not a class or namespace name
     1>Menu.cpp(39): error C2065: 'hidden' : undeclared identifier
     1>Menu.cpp(41): error C3861: 'HideMenu': identifier not found
     1>Menu.cpp(42): error C2065: 'mCursor' : undeclared identifier
     1>Menu.cpp(42): error C2227: left of '->setPosition' must point to class/struct/union/generic type
                 type is 'unknown-type'
     1>Menu.cpp(43): error C2143: syntax error : missing ';' before '<<'
     1>Menu.cpp(45): error C2143: syntax error : missing ';' before '=='
     1>Menu.cpp(48): error C2143: syntax error : missing ';' before '=='
     1>Menu.cpp(50): error C2143: syntax error : missing ';' before '>>'
     1>Menu.cpp(53): warning C4244: '=' : conversion from 'int' to 'float', possible loss of data
     1>Menu.cpp(54): warning C4244: '=' : conversion from 'int' to 'float', possible loss of data
     1>Menu.cpp(55): error C2065: 'mCursor' : undeclared identifier
     1>Menu.cpp(55): error C2227: left of '->setPosition' must point to class/struct/union/generic type
                 type is 'unknown-type'
     1>Menu.cpp(57): error C2143: syntax error : missing ';' before '<<'
     1>Menu.cpp(64): error C2143: syntax error : missing ';' before '{'
     1>Menu.cpp(66): error C2065: 'itemNewGame' : undeclared identifier
     1>Menu.cpp(66): error C2227: left of '->selectedItem' must point to class/struct/union/generic type
                 type is 'unknown-type'
     1>Menu.cpp(70): error C3861: 'HideMenu': identifier not found
     1>Menu.cpp(71): error C2143: syntax error : missing ';' before '<<'
     1>Menu.cpp(73): error C2143: syntax error : missing ';' before '=='
     1>Menu.cpp(75): error C2143: syntax error : missing ';' before '>>'
     1>Menu.cpp(78): error C2181: illegal else without matching if
     1>Menu.cpp(80): error C2065: 'itemNewGame' : undeclared identifier
     1>Menu.cpp(80): error C2227: left of '->delesectedItem' must point to class/struct/union/generic type
                 type is 'unknown-type'
     1>Menu.cpp(83): error C2143: syntax error : missing ';' before '<<'
     1>Menu.cpp(89): error C2143: syntax error : missing ';' before '{'
     1>Menu.cpp(91): error C2065: 'itemPlay' : undeclared identifier
     1>Menu.cpp(91): error C2227: left of '->selectedItem' must point to class/struct/union/generic type
                 type is 'unknown-type'
     1>Menu.cpp(95): error C3861: 'HideMenu': identifier not found
     1>Menu.cpp(96): error C2143: syntax error : missing ';' before '<<'
     1>Menu.cpp(98): error C2143: syntax error : missing ';' before '=='
     1>Menu.cpp(101): error C2143: syntax error : missing ';' before '=='
     1>Menu.cpp(103): error C2143: syntax error : missing ';' before '>>'
     1>Menu.cpp(106): error C2181: illegal else without matching if
     1>Menu.cpp(108): error C2065: 'itemPlay' : undeclared identifier
     1>Menu.cpp(108): error C2227: left of '->delesectedItem' must point to class/struct/union/generic type
                 type is 'unknown-type'
     1>Menu.cpp(112): error C2065: 'itemOptions' : undeclared identifier
     1>Menu.cpp(112): error C2227: left of '->getBound' must point to class/struct/union/generic type
                 type is 'unknown-type'
     1>Menu.cpp(112): error C2065: 'mCursor' : undeclared identifier
     1>Menu.cpp(115): error C2065: 'itemOptions' : undeclared identifier
     1>Menu.cpp(115): error C2227: left of '->selectedItem' must point to class/struct/union/generic type
                 type is 'unknown-type'
     1>Menu.cpp(120): error C2143: syntax error : missing ';' before '<<'
     1>Menu.cpp(122): error C2143: syntax error : missing ';' before '=='
     1>Menu.cpp(125): error C2143: syntax error : missing ';' before '=='
     1>Menu.cpp(127): error C2143: syntax error : missing ';' before '>>'
     1>Menu.cpp(133): error C2065: 'itemOptions' : undeclared identifier
     1>Menu.cpp(133): error C2227: left of '->delesectedItem' must point to class/struct/union/generic type
                 type is 'unknown-type'
     1>Menu.cpp(137): error C2065: 'itemQuit' : undeclared identifier
     1>Menu.cpp(137): error C2227: left of '->getBound' must point to class/struct/union/generic type
                 type is 'unknown-type'
     1>Menu.cpp(137): error C2065: 'mCursor' : undeclared identifier
     1>Menu.cpp(140): error C2065: 'itemQuit' : undeclared identifier
     1>Menu.cpp(140): error C2227: left of '->selectedItem' must point to class/struct/union/generic type
                 type is 'unknown-type'
     1>Menu.cpp(144): error C3861: 'HideMenu': identifier not found
     1>Menu.cpp(145): error C2065: 'exitSelected' : undeclared identifier
     1>Menu.cpp(146): error C2143: syntax error : missing ';' before '<<'
     1>Menu.cpp(148): error C2143: syntax error : missing ';' before '=='
     1>Menu.cpp(151): error C2143: syntax error : missing ';' before '=='
     1>Menu.cpp(153): error C2143: syntax error : missing ';' before '>>'
     1>Menu.cpp(159): error C2065: 'itemQuit' : undeclared identifier
     1>Menu.cpp(159): error C2227: left of '->delesectedItem' must point to class/struct/union/generic type
                 type is 'unknown-type'
     1>Menu.cpp(161): error C3861: 'ShowMenu': identifier not found
     1>Menu.cpp(165): error C2653: 'Menu' : is not a class or namespace name
     1>Menu.cpp(167): error C2065: 'hidden' : undeclared identifier
     1>Menu.cpp(168): error C2065: 'itemPlay' : undeclared identifier
     1>Menu.cpp(168): error C2227: left of '->show' must point to class/struct/union/generic type
                 type is 'unknown-type'
     1>Menu.cpp(169): error C2065: 'itemNewGame' : undeclared identifier
     1>Menu.cpp(169): error C2227: left of '->show' must point to class/struct/union/generic type
                 type is 'unknown-type'
     1>Menu.cpp(170): error C2065: 'itemQuit' : undeclared identifier
     1>Menu.cpp(170): error C2227: left of '->show' must point to class/struct/union/generic type
                 type is 'unknown-type'
     1>Menu.cpp(171): error C2065: 'itemOptions' : undeclared identifier
     1>Menu.cpp(171): fatal error C1003: error count exceeds 100; stopping compilation
         Particle.cpp
     1>f:\projects\codicamp\c-game-course\mygame\spacegame\spacegame\GlobalHeader.h(11): warning C4005: 'PI' : macro redefinition
                 f:\projects\codicamp\c-game-course\mygame\spacegame\spacegame\common\include\Defines.h(249) : see previous definition of 'PI'
     1>f:\projects\codicamp\c-game-course\mygame\spacegame\spacegame\GlobalHeader.h(13): error C2059: syntax error : '<<'
     1>f:\projects\codicamp\c-game-course\mygame\spacegame\spacegame\GlobalHeader.h(14): error C2143: syntax error : missing ';' before '{'
     1>f:\projects\codicamp\c-game-course\mygame\spacegame\spacegame\GlobalHeader.h(14): error C2447: '{' : missing function header (old-style formal list?)
     1>f:\projects\codicamp\c-game-course\mygame\spacegame\spacegame\GlobalHeader.h(18): error C2059: syntax error : '=='
     1>f:\projects\codicamp\c-game-course\mygame\spacegame\spacegame\GlobalHeader.h(20): error C2143: syntax error : missing ';' before '{'
     1>f:\projects\codicamp\c-game-course\mygame\spacegame\spacegame\GlobalHeader.h(20): error C2447: '{' : missing function header (old-style formal list?)
     1>f:\projects\codicamp\c-game-course\mygame\spacegame\spacegame\GlobalHeader.h(21): error C2059: syntax error : '=='
     1>f:\projects\codicamp\c-game-course\mygame\spacegame\spacegame\GlobalHeader.h(22): error C2143: syntax error : missing ';' before '{'
     1>f:\projects\codicamp\c-game-course\mygame\spacegame\spacegame\GlobalHeader.h(22): error C2447: '{' : missing function header (old-style formal list?)
     1>f:\projects\codicamp\c-game-course\mygame\spacegame\spacegame\GlobalHeader.h(23): error C2011: 'layer' : 'enum' type redefinition
                 f:\projects\codicamp\c-game-course\mygame\spacegame\spacegame\GlobalHeader.h(16) : see declaration of 'layer'
     1>f:\projects\codicamp\c-game-course\mygame\spacegame\spacegame\GlobalHeader.h(26): error C2059: syntax error : '>>'
     1>f:\projects\codicamp\c-game-course\mygame\spacegame\spacegame\Particle.h(10): error C2143: syntax error : missing ';' before '{'
     1>f:\projects\codicamp\c-game-course\mygame\spacegame\spacegame\Particle.h(10): error C2447: '{' : missing function header (old-style formal list?)
     1>Particle.cpp(3): error C2653: 'Particle' : is not a class or namespace name
     1>Particle.cpp(4): error C4430: missing type specifier - int assumed. Note: C++ does not support default-int
     1>Particle.cpp(6): error C2065: 'alpha' : undeclared identifier
     1>Particle.cpp(7): error C2065: 'particleSurface' : undeclared identifier
     1>Particle.cpp(8): error C2065: 'particle' : undeclared identifier
     1>Particle.cpp(8): error C2227: left of '->setSurface' must point to class/struct/union/generic type
                 type is 'unknown-type'
     1>Particle.cpp(8): error C2065: 'particleSurface' : undeclared identifier
     1>Particle.cpp(9): error C2065: 'particle' : undeclared identifier
     1>Particle.cpp(10): error C2065: 'particle' : undeclared identifier
     1>Particle.cpp(10): error C2227: left of '->setPosition' must point to class/struct/union/generic type
                 type is 'unknown-type'
     1>Particle.cpp(11): warning C4508: 'Particle' : function should return a value; 'void' return type assumed
     1>Particle.cpp(13): error C2653: 'Particle' : is not a class or namespace name
     1>Particle.cpp(13): fatal error C1903: unable to recover from previous error(s); stopping compilation
         Ship.cpp
     1>f:\projects\codicamp\c-game-course\mygame\spacegame\spacegame\GlobalHeader.h(11): warning C4005: 'PI' : macro redefinition
                 f:\projects\codicamp\c-game-course\mygame\spacegame\spacegame\common\include\Defines.h(249) : see previous definition of 'PI'
     1>f:\projects\codicamp\c-game-course\mygame\spacegame\spacegame\GlobalHeader.h(13): error C2059: syntax error : '<<'
     1>f:\projects\codicamp\c-game-course\mygame\spacegame\spacegame\GlobalHeader.h(14): error C2143: syntax error : missing ';' before '{'
     1>f:\projects\codicamp\c-game-course\mygame\spacegame\spacegame\GlobalHeader.h(14): error C2447: '{' : missing function header (old-style formal list?)
     1>f:\projects\codicamp\c-game-course\mygame\spacegame\spacegame\GlobalHeader.h(18): error C2059: syntax error : '=='
     1>f:\projects\codicamp\c-game-course\mygame\spacegame\spacegame\GlobalHeader.h(20): error C2143: syntax error : missing ';' before '{'
     1>f:\projects\codicamp\c-game-course\mygame\spacegame\spacegame\GlobalHeader.h(20): error C2447: '{' : missing function header (old-style formal list?)
     1>f:\projects\codicamp\c-game-course\mygame\spacegame\spacegame\GlobalHeader.h(21): error C2059: syntax error : '=='
     1>f:\projects\codicamp\c-game-course\mygame\spacegame\spacegame\GlobalHeader.h(22): error C2143: syntax error : missing ';' before '{'
     1>f:\projects\codicamp\c-game-course\mygame\spacegame\spacegame\GlobalHeader.h(22): error C2447: '{' : missing function header (old-style formal list?)
     1>f:\projects\codicamp\c-game-course\mygame\spacegame\spacegame\GlobalHeader.h(23): error C2011: 'layer' : 'enum' type redefinition
                 f:\projects\codicamp\c-game-course\mygame\spacegame\spacegame\GlobalHeader.h(16) : see declaration of 'layer'
     1>f:\projects\codicamp\c-game-course\mygame\spacegame\spacegame\GlobalHeader.h(26): error C2059: syntax error : '>>'
     1>f:\projects\codicamp\c-game-course\mygame\spacegame\spacegame\Sprite.h(10): error C2143: syntax error : missing ';' before '{'
     1>f:\projects\codicamp\c-game-course\mygame\spacegame\spacegame\Sprite.h(10): error C2447: '{' : missing function header (old-style formal list?)
     1>f:\projects\codicamp\c-game-course\mygame\spacegame\spacegame\Ship.h(29): error C2143: syntax error : missing ';' before '*'
     1>f:\projects\codicamp\c-game-course\mygame\spacegame\spacegame\Ship.h(29): error C4430: missing type specifier - int assumed. Note: C++ does not support default-int
     1>f:\projects\codicamp\c-game-course\mygame\spacegame\spacegame\Ship.h(29): error C2143: syntax error : missing ';' before '='
     1>f:\projects\codicamp\c-game-course\mygame\spacegame\spacegame\Ship.h(29): error C2238: unexpected token(s) preceding ';'
     1>Ship.cpp(15): error C2065: 'engine' : undeclared identifier
     1>Ship.cpp(15): error C2061: syntax error : identifier 'Sprite'
     1>Ship.cpp(72): warning C4244: 'initializing' : conversion from 'double' to 'float', possible loss of data
     1>Ship.cpp(76): warning C4244: 'initializing' : conversion from 'double' to 'float', possible loss of data
     1>Ship.cpp(93): warning C4244: 'initializing' : conversion from 'double' to 'float', possible loss of data
     1>Ship.cpp(100): error C2065: 'engine' : undeclared identifier
     1>Ship.cpp(100): error C2227: left of '->sprite' must point to class/struct/union/generic type
                 type is 'unknown-type'
     1>Ship.cpp(100): error C2227: left of '->setPosition' must point to class/struct/union/generic type
     1>Ship.cpp(101): error C2065: 'engine' : undeclared identifier
     1>Ship.cpp(101): error C2227: left of '->sprite' must point to class/struct/union/generic type
                 type is 'unknown-type'
     1>Ship.cpp(101): error C2227: left of '->setAngleXYZ' must point to class/struct/union/generic type
     1>Ship.cpp(102): error C2065: 'engine' : undeclared identifier
     1>Ship.cpp(102): error C2227: left of '->Update' must point to class/struct/union/generic type
                 type is 'unknown-type'
     1>Ship.cpp(119): warning C4244: 'initializing' : conversion from 'double' to 'float', possible loss of data
     1>Ship.cpp(126): warning C4244: 'initializing' : conversion from 'double' to 'float', possible loss of data
     1>Ship.cpp(150): error C2065: 'engine' : undeclared identifier
     1>Ship.cpp(150): error C2227: left of '->sprite' must point to class/struct/union/generic type
                 type is 'unknown-type'
     1>Ship.cpp(150): error C2227: left of '->setShow' must point to class/struct/union/generic type
     1>Ship.cpp(155): warning C4244: 'argument' : conversion from 'double' to 'float', possible loss of data
     1>Ship.cpp(165): warning C4244: 'argument' : conversion from 'double' to 'float', possible loss of data
     1>Ship.cpp(175): warning C4244: 'argument' : conversion from 'double' to 'float', possible loss of data
     1>Ship.cpp(176): error C2065: 'engine' : undeclared identifier
     1>Ship.cpp(176): error C2227: left of '->sprite' must point to class/struct/union/generic type
                 type is 'unknown-type'
     1>Ship.cpp(176): error C2227: left of '->setShow' must point to class/struct/union/generic type
     1>Ship.cpp(181): warning C4244: 'argument' : conversion from 'double' to 'float', possible loss of data
     1>Ship.cpp(202): warning C4244: '-=' : conversion from 'double' to 'int', possible loss of data
     1>Ship.cpp(218): warning C4244: 'initializing' : conversion from 'double' to 'float', possible loss of data
     1>Ship.cpp(251): warning C4154: deletion of an array expression; conversion to pointer supplied
     1>Ship.cpp(261): warning C4244: 'return' : conversion from 'float' to 'int', possible loss of data
     1>Ship.cpp(266): warning C4244: 'return' : conversion from 'float' to 'int', possible loss of data
     1>Ship.cpp(271): warning C4244: 'return' : conversion from 'float' to 'int', possible loss of data
     1>Ship.cpp(294): error C2143: syntax error : missing ';' before '<<'
     1>Ship.cpp(303): warning C4244: '=' : conversion from 'double' to 'float', possible loss of data
     1>Ship.cpp(309): error C2143: syntax error : missing ';' before '<<'
     1>Ship.cpp(323): error C2143: syntax error : missing ';' before '>>'
         Sprite.cpp
     1>f:\projects\codicamp\c-game-course\mygame\spacegame\spacegame\GlobalHeader.h(11): warning C4005: 'PI' : macro redefinition
                 f:\projects\codicamp\c-game-course\mygame\spacegame\spacegame\common\include\Defines.h(249) : see previous definition of 'PI'
     1>f:\projects\codicamp\c-game-course\mygame\spacegame\spacegame\GlobalHeader.h(13): error C2059: syntax error : '<<'
     1>f:\projects\codicamp\c-game-course\mygame\spacegame\spacegame\GlobalHeader.h(14): error C2143: syntax error : missing ';' before '{'
     1>f:\projects\codicamp\c-game-course\mygame\spacegame\spacegame\GlobalHeader.h(14): error C2447: '{' : missing function header (old-style formal list?)
     1>f:\projects\codicamp\c-game-course\mygame\spacegame\spacegame\GlobalHeader.h(18): error C2059: syntax error : '=='
     1>f:\projects\codicamp\c-game-course\mygame\spacegame\spacegame\GlobalHeader.h(20): error C2143: syntax error : missing ';' before '{'
     1>f:\projects\codicamp\c-game-course\mygame\spacegame\spacegame\GlobalHeader.h(20): error C2447: '{' : missing function header (old-style formal list?)
     1>f:\projects\codicamp\c-game-course\mygame\spacegame\spacegame\GlobalHeader.h(21): error C2059: syntax error : '=='
     1>f:\projects\codicamp\c-game-course\mygame\spacegame\spacegame\GlobalHeader.h(22): error C2143: syntax error : missing ';' before '{'
     1>f:\projects\codicamp\c-game-course\mygame\spacegame\spacegame\GlobalHeader.h(22): error C2447: '{' : missing function header (old-style formal list?)
     1>f:\projects\codicamp\c-game-course\mygame\spacegame\spacegame\GlobalHeader.h(23): error C2011: 'layer' : 'enum' type redefinition
                 f:\projects\codicamp\c-game-course\mygame\spacegame\spacegame\GlobalHeader.h(16) : see declaration of 'layer'
     1>f:\projects\codicamp\c-game-course\mygame\spacegame\spacegame\GlobalHeader.h(26): error C2059: syntax error : '>>'
     1>f:\projects\codicamp\c-game-course\mygame\spacegame\spacegame\Sprite.h(10): error C2143: syntax error : missing ';' before '{'
     1>f:\projects\codicamp\c-game-course\mygame\spacegame\spacegame\Sprite.h(10): error C2447: '{' : missing function header (old-style formal list?)
     1>Sprite.cpp(3): error C2653: 'Sprite' : is not a class or namespace name
     1>Sprite.cpp(4): error C4430: missing type specifier - int assumed. Note: C++ does not support default-int
     1>Sprite.cpp(6): warning C4508: 'Sprite' : function should return a value; 'void' return type assumed
     1>Sprite.cpp(8): error C2653: 'Sprite' : is not a class or namespace name
     1>Sprite.cpp(9): error C4430: missing type specifier - int assumed. Note: C++ does not support default-int
     1>Sprite.cpp(10): error C2065: 'posX' : undeclared identifier
     1>Sprite.cpp(11): error C2065: 'posY' : undeclared identifier
     1>Sprite.cpp(13): error C2065: 'picture' : undeclared identifier
     1>Sprite.cpp(14): error C2065: 'sprite' : undeclared identifier
     1>Sprite.cpp(14): error C2227: left of '->setSurface' must point to class/struct/union/generic type
                 type is 'unknown-type'
     1>Sprite.cpp(14): error C2065: 'picture' : undeclared identifier
     1>Sprite.cpp(15): error C2065: 'sprite' : undeclared identifier
     1>Sprite.cpp(16): error C2065: 'sprite' : undeclared identifier
     1>Sprite.cpp(16): error C2227: left of '->setPosition' must point to class/struct/union/generic type
                 type is 'unknown-type'
     1>Sprite.cpp(18): error C2065: 'sprite' : undeclared identifier
     1>Sprite.cpp(18): error C2227: left of '->setRegion' must point to class/struct/union/generic type
                 type is 'unknown-type'
     1>Sprite.cpp(19): warning C4508: 'Sprite' : function should return a value; 'void' return type assumed
     1>Sprite.cpp(21): error C2653: 'Sprite' : is not a class or namespace name
     1>Sprite.cpp(23): error C2065: 'sprite' : undeclared identifier
     1>Sprite.cpp(24): error C2065: 'picture' : undeclared identifier
     1>Sprite.cpp(27): error C2653: 'Sprite' : is not a class or namespace name
     1>Sprite.cpp(27): fatal error C1903: unable to recover from previous error(s); stopping compilation
         Thing.cpp
     1>f:\projects\codicamp\c-game-course\mygame\spacegame\spacegame\GlobalHeader.h(11): warning C4005: 'PI' : macro redefinition
                 f:\projects\codicamp\c-game-course\mygame\spacegame\spacegame\common\include\Defines.h(249) : see previous definition of 'PI'
     1>f:\projects\codicamp\c-game-course\mygame\spacegame\spacegame\GlobalHeader.h(13): error C2059: syntax error : '<<'
     1>f:\projects\codicamp\c-game-course\mygame\spacegame\spacegame\GlobalHeader.h(14): error C2143: syntax error : missing ';' before '{'
     1>f:\projects\codicamp\c-game-course\mygame\spacegame\spacegame\GlobalHeader.h(14): error C2447: '{' : missing function header (old-style formal list?)
     1>f:\projects\codicamp\c-game-course\mygame\spacegame\spacegame\GlobalHeader.h(18): error C2059: syntax error : '=='
     1>f:\projects\codicamp\c-game-course\mygame\spacegame\spacegame\GlobalHeader.h(20): error C2143: syntax error : missing ';' before '{'
     1>f:\projects\codicamp\c-game-course\mygame\spacegame\spacegame\GlobalHeader.h(20): error C2447: '{' : missing function header (old-style formal list?)
     1>f:\projects\codicamp\c-game-course\mygame\spacegame\spacegame\GlobalHeader.h(21): error C2059: syntax error : '=='
     1>f:\projects\codicamp\c-game-course\mygame\spacegame\spacegame\GlobalHeader.h(22): error C2143: syntax error : missing ';' before '{'
     1>f:\projects\codicamp\c-game-course\mygame\spacegame\spacegame\GlobalHeader.h(22): error C2447: '{' : missing function header (old-style formal list?)
     1>f:\projects\codicamp\c-game-course\mygame\spacegame\spacegame\GlobalHeader.h(23): error C2011: 'layer' : 'enum' type redefinition
                 f:\projects\codicamp\c-game-course\mygame\spacegame\spacegame\GlobalHeader.h(16) : see declaration of 'layer'
     1>f:\projects\codicamp\c-game-course\mygame\spacegame\spacegame\GlobalHeader.h(26): error C2059: syntax error : '>>'
     1>f:\projects\codicamp\c-game-course\mygame\spacegame\spacegame\Frame.h(9): error C2143: syntax error : missing ';' before '{'
     1>f:\projects\codicamp\c-game-course\mygame\spacegame\spacegame\Frame.h(9): error C2447: '{' : missing function header (old-style formal list?)
     1>f:\projects\codicamp\c-game-course\mygame\spacegame\spacegame\Thing.h(31): error C2065: 'Frame' : undeclared identifier
     1>f:\projects\codicamp\c-game-course\mygame\spacegame\spacegame\Thing.h(31): error C2059: syntax error : '>'
     1>f:\projects\codicamp\c-game-course\mygame\spacegame\spacegame\Thing.h(31): error C2976: 'std::vector' : too few template arguments
                 F:\Program Files (x86)\Microsoft Visual Studio 12.0\VC\include\vector(650) : see declaration of 'std::vector'
     1>f:\projects\codicamp\c-game-course\mygame\spacegame\spacegame\Thing.h(39): error C2059: syntax error : '<<'
     1>f:\projects\codicamp\c-game-course\mygame\spacegame\spacegame\Thing.h(41): error C2238: unexpected token(s) preceding ';'
     1>f:\projects\codicamp\c-game-course\mygame\spacegame\spacegame\Thing.h(44): error C2059: syntax error : '=='
     1>f:\projects\codicamp\c-game-course\mygame\spacegame\spacegame\Thing.h(46): error C2238: unexpected token(s) preceding ';'
     1>f:\projects\codicamp\c-game-course\mygame\spacegame\spacegame\Thing.h(49): error C2059: syntax error : '=='
     1>f:\projects\codicamp\c-game-course\mygame\spacegame\spacegame\Thing.h(51): error C2238: unexpected token(s) preceding ';'
     1>f:\projects\codicamp\c-game-course\mygame\spacegame\spacegame\Thing.h(52): error C2535: 'int Thing::getCollisionPositionX(void)' : member function already defined or declared
                 f:\projects\codicamp\c-game-course\mygame\spacegame\spacegame\Thing.h(42) : see declaration of 'Thing::getCollisionPositionX'
     1>f:\projects\codicamp\c-game-course\mygame\spacegame\spacegame\Thing.h(53): error C2535: 'int Thing::getCollisionPositionY(void)' : member function already defined or declared
                 f:\projects\codicamp\c-game-course\mygame\spacegame\spacegame\Thing.h(43) : see declaration of 'Thing::getCollisionPositionY'
     1>f:\projects\codicamp\c-game-course\mygame\spacegame\spacegame\Thing.h(54): error C2059: syntax error : '>>'
     1>f:\projects\codicamp\c-game-course\mygame\spacegame\spacegame\Thing.h(57): error C2238: unexpected token(s) preceding ';'
     1>f:\projects\codicamp\c-game-course\mygame\spacegame\spacegame\Thing.h(61): error C2065: 'Frame' : undeclared identifier
     1>f:\projects\codicamp\c-game-course\mygame\spacegame\spacegame\Thing.h(61): error C2059: syntax error : '>'
     1>f:\projects\codicamp\c-game-course\mygame\spacegame\spacegame\Thing.h(61): error C2976: 'std::vector' : too few template arguments
                 F:\Program Files (x86)\Microsoft Visual Studio 12.0\VC\include\vector(650) : see declaration of 'std::vector'
                 F:\Program Files (x86)\Microsoft Visual Studio 12.0\VC\include\vector(650) : see declaration of 'std::vector'
     1>Thing.cpp(4): error C2512: 'std::vector' : no appropriate default constructor available
     1>Thing.cpp(7): error C2065: 'Frame' : undeclared identifier
     1>Thing.cpp(7): error C2059: syntax error : '>'
     1>Thing.cpp(7): error C2976: 'std::vector' : too few template arguments
                 F:\Program Files (x86)\Microsoft Visual Studio 12.0\VC\include\vector(650) : see declaration of 'std::vector'
     1>Thing.cpp(8): error C2512: 'std::vector' : no appropriate default constructor available
     1>Thing.cpp(9): error C2143: syntax error : missing ';' before '<<'
     1>Thing.cpp(16): error C2678: binary '=' : no operator found which takes a left-hand operand of type 'std::vector' (or there is no acceptable conversion)
                 F:\Program Files (x86)\Microsoft Visual Studio 12.0\VC\include\vector(948): could be 'std::vector<_Ty,_Alloc_types::_Alloc> &std::vector<_Ty,_Alloc>::operator =(const std::vector<_Ty,_Alloc_types::_Alloc> &)'
                 F:\Program Files (x86)\Microsoft Visual Studio 12.0\VC\include\vector(926): or       'std::vector<_Ty,_Alloc_types::_Alloc> &std::vector<_Ty,_Alloc>::operator =(std::initializer_list<_Vector_alloc<!std::is_empty<_Alloc_types::_Alloc>::value,std::_Vec_base_types<_Ty,_Alloc_types::_Alloc>>::value_type>)'
                 F:\Program Files (x86)\Microsoft Visual Studio 12.0\VC\include\vector(822): or       'std::vector<_Ty,_Alloc_types::_Alloc> &std::vector<_Ty,_Alloc>::operator =(std::vector<_Ty,_Alloc_types::_Alloc> &&)'
                 while trying to match the argument list '(std::vector, std::vector)'
     1>Thing.cpp(16): error C2582: 'operator =' function is unavailable in 'std::vector'
     1>Thing.cpp(18): error C2143: syntax error : missing ';' before '=='
     1>Thing.cpp(24): error C2511: 'Thing::Thing(CIndieLib *,int,int,int,int,int)' : overloaded member function not found in 'Thing'
                 f:\projects\codicamp\c-game-course\mygame\spacegame\spacegame\Thing.h(13) : see declaration of 'Thing'
     1>Thing.cpp(25): error C2660: 'Thing::Construct' : function does not take 5 arguments
     1>Thing.cpp(27): error C2227: left of '->setAngleXYZ' must point to class/struct/union/generic type
     1>Thing.cpp(31): error C2511: 'void Thing::Construct(CIndieLib *,int,int,int,int)' : overloaded member function not found in 'Thing'
                 f:\projects\codicamp\c-game-course\mygame\spacegame\spacegame\Thing.h(13) : see declaration of 'Thing'
     1>Thing.cpp(32): error C2597: illegal reference to non-static member 'Thing::posX'
     1>Thing.cpp(33): error C2143: syntax error : missing ';' before '=='
     1>Thing.cpp(37): error C2597: illegal reference to non-static member 'Thing::velosityY'
     1>Thing.cpp(38): error C2671: 'Thing::Construct' : static member functions do not have 'this' pointers
     1>Thing.cpp(38): error C2227: left of '->mI' must point to class/struct/union/generic type
     1>Thing.cpp(39): error C2671: 'Thing::Construct' : static member functions do not have 'this' pointers
     1>Thing.cpp(39): error C2227: left of '->thingPictures' must point to class/struct/union/generic type
     1>Thing.cpp(39): error C2065: 'thingsPicture' : undeclared identifier
     1>Thing.cpp(40): error C2671: 'Thing::Construct' : static member functions do not have 'this' pointers
     1>Thing.cpp(40): error C2227: left of '->frames' must point to class/struct/union/generic type
     1>Thing.cpp(40): error C2065: 'frms' : undeclared identifier
     1>Thing.cpp(41): error C2597: illegal reference to non-static member 'Thing::posX'
     1>Thing.cpp(42): error C2143: syntax error : missing ';' before '>>'
     1>Thing.cpp(45): error C2597: illegal reference to non-static member 'Thing::health'
     1>Thing.cpp(46): error C2671: 'Thing::Construct' : static member functions do not have 'this' pointers
     1>Thing.cpp(46): error C2227: left of '->type' must point to class/struct/union/generic type
     1>Thing.cpp(48): error C2227: left of '->setSurface' must point to class/struct/union/generic type
     1>Thing.cpp(48): error C2065: 'thingsPicture' : undeclared identifier
     1>Thing.cpp(49): error C2597: illegal reference to non-static member 'Thing::thing'
     1>Thing.cpp(55): error C2065: 'HEALTH' : undeclared identifier
     1>Thing.cpp(55): error C2051: case expression not constant
     1>Thing.cpp(59): error C2065: 'ASTEROID' : undeclared identifier
     1>Thing.cpp(59): error C2051: case expression not constant
     1>Thing.cpp(62): error C2227: left of '->setScale' must point to class/struct/union/generic type
     1>Thing.cpp(64): error C2065: 'ROCK' : undeclared identifier
     1>Thing.cpp(64): error C2051: case expression not constant
     1>Thing.cpp(68): error C2065: 'DIAMOND' : undeclared identifier
     1>Thing.cpp(68): error C2051: case expression not constant
     1>Thing.cpp(72): error C2065: 'UFO' : undeclared identifier
     1>Thing.cpp(72): error C2051: case expression not constant
     1>Thing.cpp(76): warning C4060: switch statement contains no 'case' or 'default' labels
     1>Thing.cpp(78): error C2597: illegal reference to non-static member 'Thing::name'
     1>Thing.cpp(81): error C2597: illegal reference to non-static member 'Thing::frameCount'
     1>Thing.cpp(83): error C2065: 'frms' : undeclared identifier
     1>Thing.cpp(83): error C2228: left of '.size' must have class/struct/union
                 type is 'unknown-type'
     1>Thing.cpp(86): error C2065: 'frms' : undeclared identifier
     1>Thing.cpp(86): error C2228: left of '.at' must have class/struct/union
                 type is 'unknown-type'
     1>Thing.cpp(86): error C2227: left of '->name' must point to class/struct/union/generic type
     1>Thing.cpp(88): error C2597: illegal reference to non-static member 'Thing::frameCount'
     1>Thing.cpp(88): error C3867: 'Thing::frameCount': function call missing argument list; use '&Thing::frameCount' to create a pointer to member
     1>Thing.cpp(88): error C2105: '++' needs l-value
     1>Thing.cpp(89): error C2065: 'frms' : undeclared identifier
     1>Thing.cpp(89): error C2228: left of '.at' must have class/struct/union
                 type is 'unknown-type'
     1>Thing.cpp(89): error C2227: left of '->width' must point to class/struct/union/generic type
     1>Thing.cpp(90): error C2065: 'frms' : undeclared identifier
     1>Thing.cpp(90): error C2228: left of '.at' must have class/struct/union
                 type is 'unknown-type'
     1>Thing.cpp(90): error C2227: left of '->height' must point to class/struct/union/generic type
     1>Thing.cpp(91): error C2065: 'frms' : undeclared identifier
     1>Thing.cpp(91): error C2228: left of '.at' must have class/struct/union
                 type is 'unknown-type'
     1>Thing.cpp(91): error C2227: left of '->offsetX' must point to class/struct/union/generic type
     1>Thing.cpp(92): error C2065: 'frms' : undeclared identifier
     1>Thing.cpp(92): error C2228: left of '.at' must have class/struct/union
                 type is 'unknown-type'
     1>Thing.cpp(92): error C2227: left of '->offsetY' must point to class/struct/union/generic type
     1>Thing.cpp(94): error C2597: illegal reference to non-static member 'Thing::currentFrame'
     1>Thing.cpp(98): error C2597: illegal reference to non-static member 'Thing::frameCount'
     1>Thing.cpp(98): error C3867: 'Thing::frameCount': function call missing argument list; use '&Thing::frameCount' to create a pointer to member
     1>Thing.cpp(98): error C2597: illegal reference to non-static member 'Thing::currentFrame'
     1>Thing.cpp(100): error C2227: left of '->setPosition' must point to class/struct/union/generic type
     1>Thing.cpp(103): error C2227: left of '->setRegion' must point to class/struct/union/generic type
     1>Thing.cpp(106): error C2597: illegal reference to non-static member 'Thing::border'
     1>Thing.cpp(106): fatal error C1003: error count exceeds 100; stopping compilation
     1>Done Building Project "F:\Projects\CodiCamp\C-game-course\MyGame\SpaceGame\SpaceGame\SpaceGame.vcxproj" (Build target(s)) -- FAILED.

Build FAILED.

Time Elapsed 00:00:05.11
